This file contains any messages produced by compilers while
running configure, to aid debugging if configure makes a mistake.

It was created by configure, which was
generated by GNU Autoconf 2.69.  Invocation command line was

  $ ./configure 

## --------- ##
## Platform. ##
## --------- ##

hostname = localhost
uname -m = x86_64
uname -r = 15.0.0
uname -s = Darwin
uname -v = Darwin Kernel Version 15.0.0: Sat Sep 19 15:53:46 PDT 2015; root:xnu-3247.10.11~1/RELEASE_X86_64

/usr/bin/uname -p = i386
/bin/uname -X     = unknown

/bin/arch              = unknown
/usr/bin/arch -k       = unknown
/usr/convex/getsysinfo = unknown
/usr/bin/hostinfo      = Mach kernel version:
	 Darwin Kernel Version 15.0.0: Sat Sep 19 15:53:46 PDT 2015; root:xnu-3247.10.11~1/RELEASE_X86_64
Kernel configured for up to 4 processors.
2 processors are physically available.
4 processors are logically available.
Processor type: x86_64h (Intel x86-64h Haswell)
Processors active: 0 1 2 3
Primary memory available: 8.00 gigabytes
Default processor set: 263 tasks, 1642 threads, 4 processors
Load average: 2.32, Mach factor: 1.99
/bin/machine           = unknown
/usr/bin/oslevel       = unknown
/bin/universe          = unknown

PATH: /Users/didi/.rvm/gems/ruby-2.4.1/bin
PATH: /Users/didi/.rvm/gems/ruby-2.4.1@global/bin
PATH: /Users/didi/.rvm/rubies/ruby-2.4.1/bin
PATH: /Users/didi/CRClientTools/arcanist/bin
PATH: /usr/local/opt/bison/bin
PATH: /Users/didi/java/gradle/bin
PATH: /usr/local/opt/php@7.0/bin
PATH: /Users/didi/goLang/bin
PATH: /Users/didi/blog/jekyll
PATH: /Users/didi/pear/bin
PATH:  /usr/local/Cellar/curl/7.55.1/bin
PATH: /Users/didi/pig/pig/bin
PATH: /Users/didi/hbase/hbase/bin
PATH: /Users/didi/.rvm/rubies/ruby-2.4.1/bin
PATH: /usr/local/bin
PATH: /usr/bin
PATH: /bin
PATH: /usr/sbin
PATH: /sbin
PATH: /usr/local/go/bin
PATH: /usr/local/Cellar/gv/3.7.4
PATH: /Users/didi/goLang
PATH: /Users/didi/PhpstormProjects/go
PATH: /Users/didi/goLang/src/github.com/lantern/archive/bin
PATH: /usr/local/go/pkg/tool/darwin_amd64/
PATH: /usr/local/lib/python2.7/site-packages/
PATH: /Users/didi/jupyter/ticket/
PATH: /Users/didi/scala/bin
PATH: /Users/didi/spark/spark/bin
PATH: /Library/Internet Plug-Ins/JavaAppletPlugin.plugin/Contents/Home/bin
PATH: /Library/Java/JavaVirtualMachines/jdk1.8.0_144.jdk/Contents/Home//bin
PATH: /Users/didi/.composer/vendor/bin
PATH: /Users/didi/hadoop/hadoop/bin
PATH: /Users/didi/hadoop/hadoop/sbin
PATH: /Users/didi/hive/hive/bin
PATH: /Users/didi/hive/derby/bin
PATH: /Users/didi/maven/bin
PATH: /Users/didi/.rvm/bin
PATH: /Users/didi/goLang/FlameGraph


## ----------- ##
## Core tests. ##
## ----------- ##

configure:2295: checking for grep that handles long lines and -e
configure:2353: result: /usr/bin/grep
configure:2358: checking for egrep
configure:2420: result: /usr/bin/grep -E
configure:2425: checking for a sed that does not truncate output
configure:2479: result: /usr/bin/sed
configure:2618: checking for cc
configure:2634: found /usr/bin/cc
configure:2645: result: cc
configure:2676: checking for C compiler version
configure:2685: cc --version >&5
Apple LLVM version 8.0.0 (clang-800.0.42.1)
Target: x86_64-apple-darwin15.0.0
Thread model: posix
InstalledDir: /Library/Developer/CommandLineTools/usr/bin
configure:2696: $? = 0
configure:2685: cc -v >&5
Apple LLVM version 8.0.0 (clang-800.0.42.1)
Target: x86_64-apple-darwin15.0.0
Thread model: posix
InstalledDir: /Library/Developer/CommandLineTools/usr/bin
configure:2696: $? = 0
configure:2685: cc -V >&5
clang: error: argument to '-V' is missing (expected 1 value)
clang: error: no input files
configure:2696: $? = 1
configure:2685: cc -qversion >&5
clang: error: unknown argument: '-qversion'
clang: error: no input files
configure:2696: $? = 1
configure:2716: checking whether the C compiler works
configure:2738: cc    conftest.c  >&5
configure:2742: $? = 0
configure:2790: result: yes
configure:2793: checking for C compiler default output file name
configure:2795: result: a.out
configure:2801: checking for suffix of executables
configure:2808: cc -o conftest    conftest.c  >&5
configure:2812: $? = 0
configure:2834: result: 
configure:2856: checking whether we are cross compiling
configure:2864: cc -o conftest    conftest.c  >&5
configure:2868: $? = 0
configure:2875: ./conftest
configure:2879: $? = 0
configure:2894: result: no
configure:2899: checking for suffix of object files
configure:2921: cc -c   conftest.c >&5
configure:2925: $? = 0
configure:2946: result: o
configure:2950: checking whether we are using the GNU C compiler
configure:2969: cc -c   conftest.c >&5
configure:2969: $? = 0
configure:2978: result: yes
configure:2987: checking whether cc accepts -g
configure:3007: cc -c -g  conftest.c >&5
configure:3007: $? = 0
configure:3048: result: yes
configure:3065: checking for cc option to accept ISO C89
configure:3128: cc  -c -g -O2  conftest.c >&5
configure:3128: $? = 0
configure:3141: result: none needed
configure:3167: checking how to run the C preprocessor
configure:3198: cc -E  conftest.c
configure:3198: $? = 0
configure:3212: cc -E  conftest.c
conftest.c:9:10: fatal error: 'ac_nonexistent.h' file not found
#include <ac_nonexistent.h>
         ^
1 error generated.
configure:3212: $? = 1
configure: failed program was:
| /* confdefs.h */
| #define PACKAGE_NAME ""
| #define PACKAGE_TARNAME ""
| #define PACKAGE_VERSION ""
| #define PACKAGE_STRING ""
| #define PACKAGE_BUGREPORT ""
| #define PACKAGE_URL ""
| /* end confdefs.h.  */
| #include <ac_nonexistent.h>
configure:3237: result: cc -E
configure:3257: cc -E  conftest.c
configure:3257: $? = 0
configure:3271: cc -E  conftest.c
conftest.c:9:10: fatal error: 'ac_nonexistent.h' file not found
#include <ac_nonexistent.h>
         ^
1 error generated.
configure:3271: $? = 1
configure: failed program was:
| /* confdefs.h */
| #define PACKAGE_NAME ""
| #define PACKAGE_TARNAME ""
| #define PACKAGE_VERSION ""
| #define PACKAGE_STRING ""
| #define PACKAGE_BUGREPORT ""
| #define PACKAGE_URL ""
| /* end confdefs.h.  */
| #include <ac_nonexistent.h>
configure:3302: checking for icc
configure:3311: result: no
configure:3325: checking for suncc
configure:3334: result: no
configure:3352: checking whether cc understands -c and -o together
configure:3380: cc -c conftest.c -o conftest2.o >&5
configure:3384: $? = 0
configure:3390: cc -c conftest.c -o conftest2.o >&5
configure:3394: $? = 0
configure:3449: result: yes
configure:3463: checking for system library directory
configure:3478: result: lib
configure:3485: checking if compiler supports -R
configure:3504: cc -o conftest -g -O2   conftest.c -R /usr/lib  >&5
warning: unknown remark option '-R' [-Wunknown-warning-option]
1 warning generated.
ld: can't map file, errno=22 file '/usr/lib' for architecture x86_64
clang: error: linker command failed with exit code 1 (use -v to see invocation)
configure:3504: $? = 1
configure: failed program was:
| /* confdefs.h */
| #define PACKAGE_NAME ""
| #define PACKAGE_TARNAME ""
| #define PACKAGE_VERSION ""
| #define PACKAGE_STRING ""
| #define PACKAGE_BUGREPORT ""
| #define PACKAGE_URL ""
| /* end confdefs.h.  */
| 
| int
| main ()
| {
| 
|   ;
|   return 0;
| }
configure:3514: result: no
configure:3519: checking if compiler supports -Wl,-rpath,
configure:3538: cc -o conftest -g -O2   conftest.c -Wl,-rpath,/usr/lib  >&5
configure:3538: $? = 0
configure:3548: result: yes
configure:3593: checking build system type
configure:3607: result: x86_64-apple-darwin15.0.0
configure:3627: checking host system type
configure:3640: result: x86_64-apple-darwin15.0.0
configure:3660: checking target system type
configure:3673: result: x86_64-apple-darwin15.0.0
configure:3776: checking for PHP prefix
configure:3778: result: /usr/local
configure:3780: checking for PHP includes
configure:3782: result: -I/usr/local/include/php -I/usr/local/include/php/main -I/usr/local/include/php/TSRM -I/usr/local/include/php/Zend -I/usr/local/include/php/ext -I/usr/local/include/php/ext/date/lib
configure:3784: checking for PHP extension directory
configure:3786: result: /usr/local/lib/php/extensions/debug-non-zts-20160303
configure:3788: checking for PHP installed headers prefix
configure:3790: result: /usr/local/include/php
configure:3793: checking if debug is enabled
configure:3819: result: yes
configure:3822: checking if zts is enabled
configure:3848: result: no
configure:3919: checking for re2c
configure:3949: result: no
configure:3974: WARNING: You will need re2c 0.13.4 or later if you want to regenerate PHP parsers.
configure:3988: checking for gawk
configure:4019: result: no
configure:3988: checking for nawk
configure:4019: result: no
configure:3988: checking for awk
configure:4005: found /usr/bin/awk
configure:4016: result: awk
configure:4039: checking if awk is broken
configure:4046: result: no
configure:4062: checking for slowLog support
configure:4102: result: yes, shared
configure:4505: checking for ld used by cc
configure:4572: result: /Library/Developer/CommandLineTools/usr/bin/ld
configure:4579: checking if the linker (/Library/Developer/CommandLineTools/usr/bin/ld) is GNU ld
configure:4594: result: no
configure:4599: checking for /Library/Developer/CommandLineTools/usr/bin/ld option to reload object files
configure:4606: result: -r
configure:4624: checking for BSD-compatible nm
configure:4673: result: /usr/bin/nm -B
configure:4677: checking whether ln -s works
configure:4681: result: yes
configure:4688: checking how to recognize dependent libraries
configure:4874: result: pass_all
configure:5092: checking for ANSI C header files
configure:5112: cc -c -g  -O0  conftest.c >&5
configure:5112: $? = 0
configure:5185: cc -o conftest -g  -O0   conftest.c  >&5
configure:5185: $? = 0
configure:5185: ./conftest
configure:5185: $? = 0
configure:5196: result: yes
configure:5209: checking for sys/types.h
configure:5209: cc -c -g  -O0  conftest.c >&5
configure:5209: $? = 0
configure:5209: result: yes
configure:5209: checking for sys/stat.h
configure:5209: cc -c -g  -O0  conftest.c >&5
configure:5209: $? = 0
configure:5209: result: yes
configure:5209: checking for stdlib.h
configure:5209: cc -c -g  -O0  conftest.c >&5
configure:5209: $? = 0
configure:5209: result: yes
configure:5209: checking for string.h
configure:5209: cc -c -g  -O0  conftest.c >&5
configure:5209: $? = 0
configure:5209: result: yes
configure:5209: checking for memory.h
configure:5209: cc -c -g  -O0  conftest.c >&5
configure:5209: $? = 0
configure:5209: result: yes
configure:5209: checking for strings.h
configure:5209: cc -c -g  -O0  conftest.c >&5
configure:5209: $? = 0
configure:5209: result: yes
configure:5209: checking for inttypes.h
configure:5209: cc -c -g  -O0  conftest.c >&5
configure:5209: $? = 0
configure:5209: result: yes
configure:5209: checking for stdint.h
configure:5209: cc -c -g  -O0  conftest.c >&5
configure:5209: $? = 0
configure:5209: result: yes
configure:5209: checking for unistd.h
configure:5209: cc -c -g  -O0  conftest.c >&5
configure:5209: $? = 0
configure:5209: result: yes
configure:5223: checking dlfcn.h usability
configure:5223: cc -c -g  -O0  conftest.c >&5
configure:5223: $? = 0
configure:5223: result: yes
configure:5223: checking dlfcn.h presence
configure:5223: cc -E  conftest.c
configure:5223: $? = 0
configure:5223: result: yes
configure:5223: checking for dlfcn.h
configure:5223: result: yes
configure:5245: checking the maximum length of command line arguments
configure:5357: result: 196608
configure:5369: checking command to parse /usr/bin/nm -B output from cc object
configure:5474: cc -c -g  -O0  conftest.c >&5
configure:5477: $? = 0
configure:5481: /usr/bin/nm -B conftest.o \| sed -n -e 's/^.*[ 	]\([BCDEGRST][BCDEGRST]*\)[ 	][ 	]*\([_A-Za-z][_A-Za-z0-9]*\)$/\1 \2 \2/p' \> conftest.nm
configure:5484: $? = 0
cannot find nm_test_var in conftest.nm
configure:5474: cc -c -g  -O0  conftest.c >&5
configure:5477: $? = 0
configure:5481: /usr/bin/nm -B conftest.o \| sed -n -e 's/^.*[ 	]\([BCDEGRST][BCDEGRST]*\)[ 	][ 	]*_\([_A-Za-z][_A-Za-z0-9]*\)$/\1 _\2 \2/p' \> conftest.nm
configure:5484: $? = 0
configure:5536: cc -o conftest -g  -O0   conftest.c conftstm.o >&5
warning: (x86_64)  could not find object file symbol for symbol _main
configure:5539: $? = 0
configure:5577: result: ok
configure:5581: checking for objdir
configure:5596: result: .libs
configure:5688: checking for ar
configure:5704: found /usr/bin/ar
configure:5715: result: ar
configure:5780: checking for ranlib
configure:5796: found /usr/bin/ranlib
configure:5807: result: ranlib
configure:5872: checking for strip
configure:5888: found /usr/bin/strip
configure:5899: result: strip
configure:6152: checking for dsymutil
configure:6168: found /usr/bin/dsymutil
configure:6179: result: dsymutil
configure:6244: checking for nmedit
configure:6260: found /usr/bin/nmedit
configure:6271: result: nmedit
configure:6294: checking for -single_module linker flag
configure:6315: result: yes
configure:6317: checking for -exported_symbols_list linker flag
configure:6333: cc -o conftest -g  -O0   -Wl,-exported_symbols_list,conftest.sym conftest.c  >&5
configure:6336: $? = 0
configure:6350: result: yes
configure:6468: checking if cc supports -fno-rtti -fno-exceptions
configure:6486: cc -c -g  -O0  -fno-rtti -fno-exceptions conftest.c >&5
configure:6490: $? = 0
configure:6503: result: yes
configure:6518: checking for cc option to produce PIC
configure:6758: result: -fno-common
configure:6766: checking if cc PIC flag -fno-common works
configure:6784: cc -c -g  -O0  -fno-common -DPIC conftest.c >&5
configure:6788: $? = 0
configure:6801: result: yes
configure:6829: checking if cc static flag -static works
configure:6857: result: no
configure:6867: checking if cc supports -c -o file.o
configure:6888: cc -c -g  -O0  -o out/conftest2.o conftest.c >&5
configure:6892: $? = 0
configure:6914: result: yes
configure:6940: checking whether the cc linker (/Library/Developer/CommandLineTools/usr/bin/ld) supports shared libraries
configure:7868: result: yes
configure:7935: checking dynamic linker characteristics
configure:8533: result: darwin15.0.0 dyld
configure:8557: checking how to hardcode library paths into programs
configure:8582: result: immediate
configure:8596: checking whether stripping libraries is possible
configure:8610: result: yes
configure:9118: checking if libtool supports shared libraries
configure:9120: result: yes
configure:9123: checking whether to build shared libraries
configure:9144: result: yes
configure:9147: checking whether to build static libraries
configure:9151: result: no
configure:9246: result:
creating libtool
configure:12945: creating ./config.status

## ---------------------- ##
## Running config.status. ##
## ---------------------- ##

This file was extended by config.status, which was
generated by GNU Autoconf 2.69.  Invocation command line was

  CONFIG_FILES    = 
  CONFIG_HEADERS  = 
  CONFIG_LINKS    = 
  CONFIG_COMMANDS = 
  $ ./config.status 

on localhost

config.status:676: creating config.h

## ---------------- ##
## Cache variables. ##
## ---------------- ##

ac_cv_build=x86_64-apple-darwin15.0.0
ac_cv_c_compiler_gnu=yes
ac_cv_env_CC_set=
ac_cv_env_CC_value=
ac_cv_env_CFLAGS_set=
ac_cv_env_CFLAGS_value=
ac_cv_env_CPPFLAGS_set=
ac_cv_env_CPPFLAGS_value=
ac_cv_env_CPP_set=
ac_cv_env_CPP_value=
ac_cv_env_LDFLAGS_set=
ac_cv_env_LDFLAGS_value=
ac_cv_env_LIBS_set=
ac_cv_env_LIBS_value=
ac_cv_env_build_alias_set=
ac_cv_env_build_alias_value=
ac_cv_env_host_alias_set=
ac_cv_env_host_alias_value=
ac_cv_env_target_alias_set=
ac_cv_env_target_alias_value=
ac_cv_header_dlfcn_h=yes
ac_cv_header_inttypes_h=yes
ac_cv_header_memory_h=yes
ac_cv_header_stdc=yes
ac_cv_header_stdint_h=yes
ac_cv_header_stdlib_h=yes
ac_cv_header_string_h=yes
ac_cv_header_strings_h=yes
ac_cv_header_sys_stat_h=yes
ac_cv_header_sys_types_h=yes
ac_cv_header_unistd_h=yes
ac_cv_host=x86_64-apple-darwin15.0.0
ac_cv_objext=o
ac_cv_path_EGREP='/usr/bin/grep -E'
ac_cv_path_GREP=/usr/bin/grep
ac_cv_prog_AWK=awk
ac_cv_prog_CPP='cc -E'
ac_cv_prog_ac_ct_AR=ar
ac_cv_prog_ac_ct_CC=cc
ac_cv_prog_ac_ct_DSYMUTIL=dsymutil
ac_cv_prog_ac_ct_NMEDIT=nmedit
ac_cv_prog_ac_ct_RANLIB=ranlib
ac_cv_prog_ac_ct_STRIP=strip
ac_cv_prog_cc_c89=
ac_cv_prog_cc_cc_c_o=yes
ac_cv_prog_cc_g=yes
ac_cv_target=x86_64-apple-darwin15.0.0
lt_cv_apple_cc_single_mod=yes
lt_cv_deplibs_check_method=pass_all
lt_cv_file_magic_cmd='$MAGIC_CMD'
lt_cv_file_magic_test_file=
lt_cv_ld_exported_symbols_list=yes
lt_cv_ld_reload_flag=-r
lt_cv_objdir=.libs
lt_cv_path_LD=/Library/Developer/CommandLineTools/usr/bin/ld
lt_cv_path_NM='/usr/bin/nm -B'
lt_cv_path_SED=/usr/bin/sed
lt_cv_prog_compiler_c_o=yes
lt_cv_prog_compiler_pic_works=yes
lt_cv_prog_compiler_rtti_exceptions=yes
lt_cv_prog_compiler_static_works=no
lt_cv_prog_gnu_ld=no
lt_cv_sys_global_symbol_pipe='sed -n -e '\''s/^.*[ 	]\([BCDEGRST][BCDEGRST]*\)[ 	][ 	]*_\([_A-Za-z][_A-Za-z0-9]*\)$/\1 _\2 \2/p'\'''
lt_cv_sys_global_symbol_to_c_name_address='sed -n -e '\''s/^: \([^ ]*\) $/  {\"\1\", (lt_ptr) 0},/p'\'' -e '\''s/^[BCDEGRST] \([^ ]*\) \([^ ]*\)$/  {"\2", (lt_ptr) \&\2},/p'\'''
lt_cv_sys_global_symbol_to_cdecl='sed -n -e '\''s/^. .* \(.*\)$/extern int \1;/p'\'''
lt_cv_sys_lib_dlsearch_path_spec='/usr/local/lib /lib /usr/lib'
lt_cv_sys_lib_search_path_spec='/Library/Developer/CommandLineTools/usr/lib/clang/8.0.0 /usr/local/lib'
lt_cv_sys_max_cmd_len=196608
lt_lt_cv_prog_compiler_c_o='"yes"'
lt_lt_cv_sys_global_symbol_pipe='"sed -n -e '\''s/^.*[ 	]\\([BCDEGRST][BCDEGRST]*\\)[ 	][ 	]*_\\([_A-Za-z][_A-Za-z0-9]*\\)\$/\\1 _\\2 \\2/p'\''"'
lt_lt_cv_sys_global_symbol_to_c_name_address='"sed -n -e '\''s/^: \\([^ ]*\\) \$/  {\\\"\\1\\\", (lt_ptr) 0},/p'\'' -e '\''s/^[BCDEGRST] \\([^ ]*\\) \\([^ ]*\\)\$/  {\"\\2\", (lt_ptr) \\&\\2},/p'\''"'
lt_lt_cv_sys_global_symbol_to_cdecl='"sed -n -e '\''s/^. .* \\(.*\\)\$/extern int \\1;/p'\''"'
php_cv_cc_dashr=no
php_cv_cc_rpath=yes

## ----------------- ##
## Output variables. ##
## ----------------- ##

AR='ar'
AWK='awk'
CC='cc'
CFLAGS='-g  -O0'
CONFIGURE_COMMAND=' '\''./configure'\'' '
CONFIGURE_OPTIONS=''
CPP='cc -E'
CPPFLAGS=' -DHAVE_CONFIG_H'
DEFS='-DHAVE_CONFIG_H'
DSYMUTIL='dsymutil'
ECHO='/bin/echo'
ECHO_C='\c'
ECHO_N=''
ECHO_T=''
EGREP='/usr/bin/grep -E'
EXEEXT=''
GREP='/usr/bin/grep'
LDFLAGS=''
LIBOBJS=''
LIBS=''
LIBTOOL='$(SHELL) $(top_builddir)/libtool'
LN_S='ln -s'
LTLIBOBJS=''
NMEDIT='nmedit'
OBJEXT='o'
PACKAGE_BUGREPORT=''
PACKAGE_NAME=''
PACKAGE_STRING=''
PACKAGE_TARNAME=''
PACKAGE_URL=''
PACKAGE_VERSION=''
PATH_SEPARATOR=':'
RANLIB='ranlib'
RE2C='exit 0;'
SED='/usr/bin/sed'
SHELL='/bin/sh'
SHLIB_DL_SUFFIX_NAME='so'
SHLIB_SUFFIX_NAME='dylib'
STRIP='strip'
ac_ct_CC='cc'
bindir='${exec_prefix}/bin'
build='x86_64-apple-darwin15.0.0'
build_alias=''
build_cpu='x86_64'
build_os='darwin15.0.0'
build_vendor='apple'
datadir='${datarootdir}'
datarootdir='${prefix}/share'
docdir='${datarootdir}/doc/${PACKAGE}'
dvidir='${docdir}'
exec_prefix='$(prefix)'
host='x86_64-apple-darwin15.0.0'
host_alias='x86_64-apple-darwin15.0.0'
host_cpu='x86_64'
host_os='darwin15.0.0'
host_vendor='apple'
htmldir='${docdir}'
includedir='${prefix}/include'
infodir='${datarootdir}/info'
libdir='${exec_prefix}/lib'
libexecdir='${exec_prefix}/libexec'
localedir='${datarootdir}/locale'
localstatedir='${prefix}/var'
mandir='${datarootdir}/man'
oldincludedir='/usr/include'
pdfdir='${docdir}'
prefix='/usr/local'
program_transform_name='s,x,x,'
psdir='${docdir}'
sbindir='${exec_prefix}/sbin'
sharedstatedir='${prefix}/com'
sysconfdir='${prefix}/etc'
target='x86_64-apple-darwin15.0.0'
target_alias=''
target_cpu='x86_64'
target_os='darwin15.0.0'
target_vendor='apple'

## ----------- ##
## confdefs.h. ##
## ----------- ##

/* confdefs.h */
#define PACKAGE_NAME ""
#define PACKAGE_TARNAME ""
#define PACKAGE_VERSION ""
#define PACKAGE_STRING ""
#define PACKAGE_BUGREPORT ""
#define PACKAGE_URL ""
#define COMPILE_DL_SLOWLOG 1
#define STDC_HEADERS 1
#define HAVE_SYS_TYPES_H 1
#define HAVE_SYS_STAT_H 1
#define HAVE_STDLIB_H 1
#define HAVE_STRING_H 1
#define HAVE_MEMORY_H 1
#define HAVE_STRINGS_H 1
#define HAVE_INTTYPES_H 1
#define HAVE_STDINT_H 1
#define HAVE_UNISTD_H 1
#define HAVE_DLFCN_H 1

configure: exit 0
